DEPRECATION WARNING: ActiveSupport.halt_callback_chains_on_return_false= is deprecated and will be removed in Rails 5.2. (called from <top (required)> at /home/noukod/Downloads/sudoku-project-master/config/initializers/new_framework_defaults.rb:15)
  [1m[35m (0.1ms)[0m  [1m[34mSELECT sqlite_version(*)[0m
  [1m[35m (8.8ms)[0m  [1m[35mCREATE TABLE "schema_migrations" ("version" varchar NOT NULL PRIMARY KEY)[0m
  [1m[35m (8.6ms)[0m  [1m[35mCREATE TABLE "ar_internal_metadata" ("key" varchar NOT NULL PRIMARY KEY, "value" varchar, "created_at" datetime NOT NULL, "updated_at" datetime NOT NULL)[0m
  [1m[35m (0.2ms)[0m  [1m[34mSELECT "schema_migrations"."version" FROM "schema_migrations" ORDER BY "schema_migrations"."version" ASC[0m
Migrating to CreateGames (20171021161153)
  [1m[35m (0.1ms)[0m  [1m[36mbegin transaction[0m
  [1m[35m (0.3ms)[0m  [1m[35mCREATE TABLE "games" ("id" INTEGER PRIMARY KEY AUTOINCREMENT NOT NULL, "start" integer DEFAULT NULL, "solution" integer DEFAULT NULL)[0m
  [1m[35mSQL (0.2ms)[0m  [1m[32mINSERT INTO "schema_migrations" ("version") VALUES (?)[0m  [["version", "20171021161153"]]
  [1m[35m (8.3ms)[0m  [1m[36mcommit transaction[0m
Migrating to CreateScores (20171021183552)
  [1m[35m (0.1ms)[0m  [1m[36mbegin transaction[0m
  [1m[35m (0.3ms)[0m  [1m[35mCREATE TABLE "scores" ("id" INTEGER PRIMARY KEY AUTOINCREMENT NOT NULL, "name" varchar, "time" integer)[0m
  [1m[35mSQL (0.2ms)[0m  [1m[32mINSERT INTO "schema_migrations" ("version") VALUES (?)[0m  [["version", "20171021183552"]]
  [1m[35m (6.0ms)[0m  [1m[36mcommit transaction[0m
  [1m[36mActiveRecord::InternalMetadata Load (0.3ms)[0m  [1m[34mSELECT  "ar_internal_metadata".* FROM "ar_internal_metadata" WHERE "ar_internal_metadata"."key" = ? LIMIT ?[0m  [["key", "environment"], ["LIMIT", 1]]
  [1m[35m (0.1ms)[0m  [1m[36mbegin transaction[0m
  [1m[35mSQL (0.3ms)[0m  [1m[32mINSERT INTO "ar_internal_metadata" ("key", "value", "created_at", "updated_at") VALUES (?, ?, ?, ?)[0m  [["key", "environment"], ["value", "development"], ["created_at", "2019-05-30 16:01:55.662116"], ["updated_at", "2019-05-30 16:01:55.662116"]]
  [1m[35m (6.8ms)[0m  [1m[36mcommit transaction[0m
  [1m[35m (0.1ms)[0m  [1m[34mSELECT "schema_migrations"."version" FROM "schema_migrations" ORDER BY "schema_migrations"."version" ASC[0m
DEPRECATION WARNING: ActiveSupport.halt_callback_chains_on_return_false= is deprecated and will be removed in Rails 5.2. (called from <top (required)> at /home/noukod/Downloads/sudoku-project-master/config/initializers/new_framework_defaults.rb:15)
Started GET "/" for ::1 at 2019-05-30 12:02:06 -0400
  [1m[35m (0.1ms)[0m  [1m[34mSELECT "schema_migrations"."version" FROM "schema_migrations" ORDER BY "schema_migrations"."version" ASC[0m
Processing by Rails::WelcomeController#index as HTML
  Rendering /home/noukod/.rvm/gems/ruby-2.6.1/gems/railties-5.1.7/lib/rails/templates/rails/welcome/index.html.erb
  Rendered /home/noukod/.rvm/gems/ruby-2.6.1/gems/railties-5.1.7/lib/rails/templates/rails/welcome/index.html.erb (3.1ms)
Completed 200 OK in 8ms (Views: 5.9ms | ActiveRecord: 0.0ms)


DEPRECATION WARNING: ActiveSupport.halt_callback_chains_on_return_false= is deprecated and will be removed in Rails 5.2. (called from <top (required)> at /home/noukod/Downloads/sudoku-project-master/config/initializers/new_framework_defaults.rb:15)
Started GET "/" for ::1 at 2019-05-30 12:03:37 -0400
  [1m[35m (0.1ms)[0m  [1m[34mSELECT "schema_migrations"."version" FROM "schema_migrations" ORDER BY "schema_migrations"."version" ASC[0m
Processing by Rails::WelcomeController#index as HTML
  Rendering /home/noukod/.rvm/gems/ruby-2.6.1/gems/railties-5.1.7/lib/rails/templates/rails/welcome/index.html.erb
  Rendered /home/noukod/.rvm/gems/ruby-2.6.1/gems/railties-5.1.7/lib/rails/templates/rails/welcome/index.html.erb (2.7ms)
Completed 200 OK in 7ms (Views: 5.8ms | ActiveRecord: 0.0ms)


Started GET "/favicon.ico" for ::1 at 2019-05-30 12:03:37 -0400
  
ActionController::RoutingError (No route matches [GET] "/favicon.ico"):
  
actionpack (5.1.7) lib/action_dispatch/middleware/debug_exceptions.rb:63:in `call'
actionpack (5.1.7) lib/action_dispatch/middleware/show_exceptions.rb:31:in `call'
railties (5.1.7) lib/rails/rack/logger.rb:36:in `call_app'
railties (5.1.7) lib/rails/rack/logger.rb:24:in `block in call'
activesupport (5.1.7) lib/active_support/tagged_logging.rb:69:in `block in tagged'
activesupport (5.1.7) lib/active_support/tagged_logging.rb:26:in `tagged'
activesupport (5.1.7) lib/active_support/tagged_logging.rb:69:in `tagged'
railties (5.1.7) lib/rails/rack/logger.rb:24:in `call'
actionpack (5.1.7) lib/action_dispatch/middleware/remote_ip.rb:79:in `call'
actionpack (5.1.7) lib/action_dispatch/middleware/request_id.rb:25:in `call'
rack (2.0.7) lib/rack/runtime.rb:22:in `call'
activesupport (5.1.7) lib/active_support/cache/strategy/local_cache_middleware.rb:27:in `call'
actionpack (5.1.7) lib/action_dispatch/middleware/executor.rb:12:in `call'
actionpack (5.1.7) lib/action_dispatch/middleware/static.rb:125:in `call'
rack (2.0.7) lib/rack/sendfile.rb:111:in `call'
rack-cors (1.0.3) lib/rack/cors.rb:95:in `call'
railties (5.1.7) lib/rails/engine.rb:522:in `call'
puma (3.12.1) lib/puma/configuration.rb:227:in `call'
puma (3.12.1) lib/puma/server.rb:660:in `handle_request'
puma (3.12.1) lib/puma/server.rb:474:in `process_client'
puma (3.12.1) lib/puma/server.rb:334:in `block in run'
puma (3.12.1) lib/puma/thread_pool.rb:135:in `block in spawn_thread'
Started GET "/" for ::1 at 2019-05-30 12:03:47 -0400
Processing by Rails::WelcomeController#index as HTML
  Rendering /home/noukod/.rvm/gems/ruby-2.6.1/gems/railties-5.1.7/lib/rails/templates/rails/welcome/index.html.erb
  Rendered /home/noukod/.rvm/gems/ruby-2.6.1/gems/railties-5.1.7/lib/rails/templates/rails/welcome/index.html.erb (15.0ms)
Completed 200 OK in 34ms (Views: 26.9ms | ActiveRecord: 0.0ms)


DEPRECATION WARNING: ActiveSupport.halt_callback_chains_on_return_false= is deprecated and will be removed in Rails 5.2. (called from <top (required)> at /home/noukod/Downloads/sudoku-project-master/config/initializers/new_framework_defaults.rb:15)
Started GET "/api/v1/game" for ::1 at 2019-05-30 12:25:48 -0400
  [1m[35m (0.1ms)[0m  [1m[34mSELECT "schema_migrations"."version" FROM "schema_migrations" ORDER BY "schema_migrations"."version" ASC[0m
Processing by Api::V1::GamesController#create as JSON
[active_model_serializers] Rendered ActiveModel::Serializer::Null with Game (0.22ms)
Completed 200 OK in 76ms (Views: 6.1ms | ActiveRecord: 0.6ms)


Started GET "/api/v1/high_scores" for ::1 at 2019-05-30 12:47:59 -0400
Processing by Api::V1::ScoresController#index as JSON
  [1m[36mScore Load (0.4ms)[0m  [1m[34mSELECT  "scores".* FROM "scores" ORDER BY "scores"."time" ASC LIMIT ?[0m  [["LIMIT", 10]]
[active_model_serializers] Rendered ActiveModel::Serializer::CollectionSerializer with ActiveModelSerializers::Adapter::Attributes (0.1ms)
Completed 200 OK in 21ms (Views: 17.6ms | ActiveRecord: 1.2ms)


Started GET "/api/v1/game" for ::1 at 2019-05-30 12:48:01 -0400
Processing by Api::V1::GamesController#create as JSON
[active_model_serializers] Rendered ActiveModel::Serializer::Null with Game (0.18ms)
Completed 200 OK in 103ms (Views: 1.5ms | ActiveRecord: 0.0ms)


Started GET "/api/v1/high_scores" for ::1 at 2019-05-30 12:48:03 -0400
Processing by Api::V1::ScoresController#index as JSON
  [1m[36mScore Load (0.3ms)[0m  [1m[34mSELECT  "scores".* FROM "scores" ORDER BY "scores"."time" ASC LIMIT ?[0m  [["LIMIT", 10]]
[active_model_serializers] Rendered ActiveModel::Serializer::CollectionSerializer with ActiveModelSerializers::Adapter::Attributes (0.07ms)
Completed 200 OK in 2ms (Views: 1.0ms | ActiveRecord: 0.3ms)


Started GET "/api/v1/game" for ::1 at 2019-05-30 12:52:58 -0400
Processing by Api::V1::GamesController#create as JSON
[active_model_serializers] Rendered ActiveModel::Serializer::Null with Game (0.27ms)
Completed 200 OK in 77ms (Views: 1.0ms | ActiveRecord: 0.0ms)


Started GET "/api/v1/game" for ::1 at 2019-05-30 12:56:42 -0400
Processing by Api::V1::GamesController#create as JSON
[active_model_serializers] Rendered ActiveModel::Serializer::Null with Game (0.22ms)
Completed 200 OK in 42ms (Views: 0.8ms | ActiveRecord: 0.0ms)


Started GET "/api/v1/game" for ::1 at 2019-05-30 12:56:56 -0400
Processing by Api::V1::GamesController#create as JSON
[active_model_serializers] Rendered ActiveModel::Serializer::Null with Game (0.24ms)
Completed 200 OK in 41ms (Views: 0.9ms | ActiveRecord: 0.0ms)


Started GET "/api/v1/game" for ::1 at 2019-05-30 12:59:59 -0400
Processing by Api::V1::GamesController#create as JSON
[active_model_serializers] Rendered ActiveModel::Serializer::Null with Game (0.26ms)
Completed 200 OK in 60ms (Views: 1.0ms | ActiveRecord: 0.0ms)


Started GET "/api/v1/game" for ::1 at 2019-05-30 13:12:40 -0400
Processing by Api::V1::GamesController#create as JSON
[active_model_serializers] Rendered ActiveModel::Serializer::Null with Game (0.18ms)
Completed 200 OK in 95ms (Views: 0.7ms | ActiveRecord: 0.0ms)


Started GET "/api/v1/high_scores" for ::1 at 2019-05-30 13:12:44 -0400
Processing by Api::V1::ScoresController#index as JSON
  [1m[36mScore Load (0.9ms)[0m  [1m[34mSELECT  "scores".* FROM "scores" ORDER BY "scores"."time" ASC LIMIT ?[0m  [["LIMIT", 10]]
[active_model_serializers] Rendered ActiveModel::Serializer::CollectionSerializer with ActiveModelSerializers::Adapter::Attributes (0.21ms)
Completed 200 OK in 7ms (Views: 5.3ms | ActiveRecord: 0.9ms)


DEPRECATION WARNING: ActiveSupport.halt_callback_chains_on_return_false= is deprecated and will be removed in Rails 5.2. (called from <top (required)> at /home/noukod/React-Redux-Portfolio-Project/config/initializers/new_framework_defaults.rb:15)
  [1m[35m (0.1ms)[0m  [1m[34mSELECT "schema_migrations"."version" FROM "schema_migrations" ORDER BY "schema_migrations"."version" ASC[0m
Migrating to CreateGames (20190521161153)
  [1m[35m (0.0ms)[0m  [1m[36mbegin transaction[0m
  [1m[35m (0.1ms)[0m  [1m[34mSELECT sqlite_version(*)[0m
  [1m[35m (0.1ms)[0m  [1m[35mCREATE TABLE "games" ("id" INTEGER PRIMARY KEY AUTOINCREMENT NOT NULL, "start" integer DEFAULT NULL, "solution" integer DEFAULT NULL)[0m
  [1m[35m (0.0ms)[0m  [1m[31mrollback transaction[0m
DEPRECATION WARNING: ActiveSupport.halt_callback_chains_on_return_false= is deprecated and will be removed in Rails 5.2. (called from <top (required)> at /home/noukod/React-Redux-Portfolio-Project/config/initializers/new_framework_defaults.rb:15)
  [1m[35m (0.1ms)[0m  [1m[34mSELECT sqlite_version(*)[0m
  [1m[35m (8.0ms)[0m  [1m[35mCREATE TABLE "schema_migrations" ("version" varchar NOT NULL PRIMARY KEY)[0m
  [1m[35m (9.1ms)[0m  [1m[35mCREATE TABLE "ar_internal_metadata" ("key" varchar NOT NULL PRIMARY KEY, "value" varchar, "created_at" datetime NOT NULL, "updated_at" datetime NOT NULL)[0m
  [1m[35m (0.1ms)[0m  [1m[34mSELECT "schema_migrations"."version" FROM "schema_migrations" ORDER BY "schema_migrations"."version" ASC[0m
Migrating to CreateGames (20190521161153)
  [1m[35m (0.1ms)[0m  [1m[36mbegin transaction[0m
  [1m[35m (0.3ms)[0m  [1m[35mCREATE TABLE "games" ("id" INTEGER PRIMARY KEY AUTOINCREMENT NOT NULL, "start" integer DEFAULT NULL, "solution" integer DEFAULT NULL)[0m
  [1m[35mSQL (0.2ms)[0m  [1m[32mINSERT INTO "schema_migrations" ("version") VALUES (?)[0m  [["version", "20190521161153"]]
  [1m[35m (8.2ms)[0m  [1m[36mcommit transaction[0m
Migrating to CreateScores (20190521183552)
  [1m[35m (0.1ms)[0m  [1m[36mbegin transaction[0m
  [1m[35m (0.4ms)[0m  [1m[35mCREATE TABLE "scores" ("id" INTEGER PRIMARY KEY AUTOINCREMENT NOT NULL, "name" varchar, "time" integer)[0m
  [1m[35mSQL (0.2ms)[0m  [1m[32mINSERT INTO "schema_migrations" ("version") VALUES (?)[0m  [["version", "20190521183552"]]
  [1m[35m (6.9ms)[0m  [1m[36mcommit transaction[0m
  [1m[36mActiveRecord::InternalMetadata Load (0.8ms)[0m  [1m[34mSELECT  "ar_internal_metadata".* FROM "ar_internal_metadata" WHERE "ar_internal_metadata"."key" = ? LIMIT ?[0m  [["key", "environment"], ["LIMIT", 1]]
  [1m[35m (0.1ms)[0m  [1m[36mbegin transaction[0m
  [1m[35mSQL (0.3ms)[0m  [1m[32mINSERT INTO "ar_internal_metadata" ("key", "value", "created_at", "updated_at") VALUES (?, ?, ?, ?)[0m  [["key", "environment"], ["value", "development"], ["created_at", "2019-05-30 17:21:12.120872"], ["updated_at", "2019-05-30 17:21:12.120872"]]
  [1m[35m (5.0ms)[0m  [1m[36mcommit transaction[0m
  [1m[35m (0.2ms)[0m  [1m[34mSELECT "schema_migrations"."version" FROM "schema_migrations" ORDER BY "schema_migrations"."version" ASC[0m
DEPRECATION WARNING: ActiveSupport.halt_callback_chains_on_return_false= is deprecated and will be removed in Rails 5.2. (called from <top (required)> at /home/noukod/React-Redux-Portfolio-Project/config/initializers/new_framework_defaults.rb:15)
Started GET "/api/v1/game" for ::1 at 2019-05-30 13:22:35 -0400
  [1m[35m (0.1ms)[0m  [1m[34mSELECT "schema_migrations"."version" FROM "schema_migrations" ORDER BY "schema_migrations"."version" ASC[0m
Processing by Api::V1::GamesController#create as JSON
[active_model_serializers] Rendered ActiveModel::Serializer::Null with Game (0.28ms)
Completed 200 OK in 62ms (Views: 10.4ms | ActiveRecord: 0.6ms)


